<?xml version="1.0" encoding="UTF-8"?>
<!-- Generated by org.testng.reporters.JUnitReportReporter -->
<testsuite hostname="LAPTOP-OOE9R8DK" failures="0" tests="3" name="TestngBasic.MultipleTestCase" time="160.119" errors="0" timestamp="2024-07-11T10:46:41 IST" skipped="0">
  <testcase classname="TestngBasic.MultipleTestCase" name="rcb" time="67.583"/>
  <testcase classname="TestngBasic.MultipleTestCase" name="csk" time="78.445"/>
  <testcase classname="TestngBasic.MultipleTestCase" name="dws" time="14.091"/>
</testsuite> <!-- TestngBasic.MultipleTestCase -->
