<?xml version="1.0" encoding="UTF-8"?>
<!-- Generated by org.testng.reporters.JUnitReportReporter -->
<testsuite hostname="LAPTOP-OOE9R8DK" failures="0" tests="1" name="TestngBasic.StartTestNg" time="0.014" errors="0" timestamp="2024-07-11T10:46:41 IST" skipped="0">
  <testcase classname="TestngBasic.StartTestNg" name="main" time="0.014"/>
</testsuite> <!-- TestngBasic.StartTestNg -->
