<?xml version="1.0" encoding="UTF-8"?>
<!-- Generated by org.testng.reporters.JUnitReportReporter -->
<testsuite hostname="LAPTOP-OOE9R8DK" failures="0" tests="1" name="Testng1.BikeFZ" time="17.572" errors="0" timestamp="2024-07-20T10:55:02 IST" skipped="0">
  <testcase classname="Testng1.BikeFZ" name="Fz" time="17.572">
    <system-out>
      <![CDATA[Fz
onTestSuccess]]>
    </system-out>
  </testcase> <!-- Fz -->
  <system-out>
    <![CDATA[onStart
puma
onTestSuccess
Fz
onTestSuccess
nike
onTestSuccess
avenger
onTestSuccess
campus
onTestSuccess
bmw
onTestSuccess]]>
  </system-out>
</testsuite> <!-- Testng1.BikeFZ -->
