<?xml version="1.0" encoding="UTF-8"?>
<!-- Generated by org.testng.reporters.JUnitReportReporter -->
<testsuite hostname="LAPTOP-OOE9R8DK" failures="0" tests="1" name="Chronological.ClickOnMultipleElement" time="27.992" errors="0" timestamp="2024-07-13T11:42:07 IST" skipped="0">
  <testcase classname="Chronological.ClickOnMultipleElement" name="elementclick" time="27.992"/>
</testsuite> <!-- Chronological.ClickOnMultipleElement -->
