<?xml version="1.0" encoding="UTF-8"?>
<!-- Generated by org.testng.reporters.JUnitReportReporter -->
<testsuite hostname="LAPTOP-OOE9R8DK" failures="0" tests="1" name="vtiger.openvtiger" time="0.099" errors="0" timestamp="2024-07-20T12:58:46 IST" skipped="0">
  <testcase classname="vtiger.openvtiger" name="testCreateOrganization" time="0.099"/>
</testsuite> <!-- vtiger.openvtiger -->
