<?xml version="1.0" encoding="UTF-8"?>
<!-- Generated by org.testng.reporters.JUnitReportReporter -->
<testsuite hostname="LAPTOP-OOE9R8DK" failures="0" tests="1" name="extentReport.SampleReport" time="2.867" errors="0" timestamp="2024-07-29T11:10:57 IST" skipped="0">
  <testcase classname="extentReport.SampleReport" name="BasicReport" time="2.867"/>
</testsuite> <!-- extentReport.SampleReport -->
