<?xml version="1.0" encoding="UTF-8"?>
<!-- Generated by org.testng.reporters.JUnitReportReporter -->
<testsuite hostname="LAPTOP-OOE9R8DK" failures="0" tests="1" name="PageObjectModel.Register_Dws" time="50.516" errors="0" timestamp="2024-07-18T10:10:19 IST" skipped="0">
  <testcase classname="PageObjectModel.Register_Dws" name="main" time="50.516"/>
</testsuite> <!-- PageObjectModel.Register_Dws -->
