<?xml version="1.0" encoding="UTF-8"?>
<!-- Generated by org.testng.reporters.JUnitReportReporter -->
<testsuite hostname="LAPTOP-OOE9R8DK" failures="0" tests="1" name="Chronological.Annotation" time="0.055" errors="0" timestamp="2024-07-12T11:23:40 IST" skipped="0">
  <testcase classname="Chronological.Annotation" name="testCase" time="0.055"/>
</testsuite> <!-- Chronological.Annotation -->
