<?xml version="1.0" encoding="UTF-8"?>
<!-- Generated by org.testng.reporters.JUnitReportReporter -->
<testsuite hostname="LAPTOP-OOE9R8DK" failures="0" tests="1" name="Testng1.BikeRoyalaEnfield" time="47.733" errors="0" timestamp="2024-07-11T11:19:11 IST" skipped="0">
  <testcase classname="Testng1.BikeRoyalaEnfield" name="royalenfield" time="47.733"/>
</testsuite> <!-- Testng1.BikeRoyalaEnfield -->
