<?xml version="1.0" encoding="UTF-8"?>
<!-- Generated by org.testng.reporters.JUnitReportReporter -->
<testsuite hostname="LAPTOP-OOE9R8DK" failures="0" tests="1" name="Testng2.ShoesCampus" time="43.519" errors="0" timestamp="2024-07-20T10:55:01 IST" skipped="0">
  <testcase classname="Testng2.ShoesCampus" name="campus" time="43.519">
    <system-out>
      <![CDATA[campus
onTestSuccess]]>
    </system-out>
  </testcase> <!-- campus -->
  <system-out>
    <![CDATA[onStart
puma
onTestSuccess
Fz
onTestSuccess
nike
onTestSuccess
avenger
onTestSuccess
campus
onTestSuccess
bmw
onTestSuccess]]>
  </system-out>
</testsuite> <!-- Testng2.ShoesCampus -->
