<?xml version="1.0" encoding="UTF-8"?>
<!-- Generated by org.testng.reporters.JUnitReportReporter -->
<testsuite hostname="LAPTOP-OOE9R8DK" failures="0" tests="1" name="Testng2.ShoesWoodland" time="36.949" errors="0" timestamp="2024-07-11T11:21:57 IST" skipped="0">
  <testcase classname="Testng2.ShoesWoodland" name="wodland" time="36.949"/>
</testsuite> <!-- Testng2.ShoesWoodland -->
