<?xml version="1.0" encoding="UTF-8"?>
<!-- Generated by org.testng.reporters.JUnitReportReporter -->
<testsuite hostname="LAPTOP-OOE9R8DK" failures="0" tests="1" name="Basic.StartTestNg" time="44.980" errors="0" timestamp="2024-07-07T11:52:47 IST" skipped="0">
  <testcase classname="Basic.StartTestNg" name="launch" time="44.980"/>
</testsuite> <!-- Basic.StartTestNg -->
