<?xml version="1.0" encoding="UTF-8"?>
<!-- Generated by org.testng.reporters.JUnitReportReporter -->
<testsuite hostname="LAPTOP-OOE9R8DK" failures="0" tests="2" name="DataProvider.StoreData" time="0.046" errors="0" timestamp="2024-07-15T10:49:13 IST" skipped="0">
  <testcase classname="DataProvider.StoreData" name="receiver" time="0.034"/>
  <testcase classname="DataProvider.StoreData" name="receiver" time="0.012"/>
</testsuite> <!-- DataProvider.StoreData -->
