<?xml version="1.0" encoding="UTF-8"?>
<!-- Generated by org.testng.reporters.JUnitReportReporter -->
<testsuite hostname="LAPTOP-OOE9R8DK" failures="0" tests="1" name="PageObjectModel.LoginFunction" time="56.142" errors="0" timestamp="2024-07-18T10:08:38 IST" skipped="0">
  <testcase classname="PageObjectModel.LoginFunction" name="main" time="56.142"/>
</testsuite> <!-- PageObjectModel.LoginFunction -->
