<?xml version="1.0" encoding="UTF-8"?>
<!-- Generated by org.testng.reporters.JUnitReportReporter -->
<testsuite hostname="LAPTOP-OOE9R8DK" failures="0" tests="2" name="DataProvider.Read_StoreData" time="95.335" errors="0" timestamp="2024-07-15T12:13:14 IST" skipped="0">
  <testcase classname="DataProvider.Read_StoreData" name="receiver" time="62.743"/>
  <testcase classname="DataProvider.Read_StoreData" name="receiver" time="32.592"/>
</testsuite> <!-- DataProvider.Read_StoreData -->
