<?xml version="1.0" encoding="UTF-8"?>
<!-- Generated by org.testng.reporters.JUnitReportReporter -->
<testsuite hostname="LAPTOP-OOE9R8DK" failures="0" tests="2" name="DataProvider.StoreData1" time="47.380" errors="0" timestamp="2024-07-15T11:17:15 IST" skipped="0">
  <testcase classname="DataProvider.StoreData1" name="receiver" time="16.285"/>
  <testcase classname="DataProvider.StoreData1" name="receiver" time="31.095"/>
</testsuite> <!-- DataProvider.StoreData1 -->
