<?xml version="1.0" encoding="UTF-8"?>
<!-- Generated by org.testng.reporters.JUnitReportReporter -->
<testsuite hostname="LAPTOP-OOE9R8DK" failures="0" tests="1" name="Testng2.ShoesNike" time="49.429" errors="0" timestamp="2024-07-20T10:55:02 IST" skipped="0">
  <testcase classname="Testng2.ShoesNike" name="nike" time="49.429">
    <system-out>
      <![CDATA[nike
onTestSuccess]]>
    </system-out>
  </testcase> <!-- nike -->
  <system-out>
    <![CDATA[onStart
puma
onTestSuccess
Fz
onTestSuccess
nike
onTestSuccess
avenger
onTestSuccess
campus
onTestSuccess
bmw
onTestSuccess]]>
  </system-out>
</testsuite> <!-- Testng2.ShoesNike -->
